<?xml version="1.0" encoding="UTF-8"?>
<robot generator="Robot 4.0.3 (Python 3.10.5 on win32)" generated="20220706 16:40:11.270" rpa="false" schemaversion="2">
<suite id="s1" name="Searchfun" source="C:\Users\srava\PycharmProjects\AluTest\Testcases\searchfun.robot">
<kw name="open my browser" type="SETUP">
<kw name="Open Browser" library="SeleniumLibrary">
<arg>${URL}</arg>
<arg>chrome</arg>
<doc>Opens a new browser instance to the optional ``url``.</doc>
<msg timestamp="20220706 16:40:12.048" level="INFO">Opening browser 'chrome' to base url 'https://www.ddecor.com/'.</msg>
<msg timestamp="20220706 16:40:39.961" level="INFO" html="true">&lt;/td&gt;&lt;/tr&gt;&lt;tr&gt;&lt;td colspan="3"&gt;&lt;a href="selenium-screenshot-1.png"&gt;&lt;img src="selenium-screenshot-1.png" width="800px"&gt;&lt;/a&gt;</msg>
<msg timestamp="20220706 16:40:39.976" level="FAIL">WebDriverException: Message: unknown error: net::ERR_NAME_NOT_RESOLVED
  (Session info: chrome=103.0.5060.114)
Stacktrace:
Backtrace:
	Ordinal0 [0x007F6463+2188387]
	Ordinal0 [0x0078E461+1762401]
	Ordinal0 [0x006A3D78+802168]
	Ordinal0 [0x006A04E8+787688]
	Ordinal0 [0x0069654D+746829]
	Ordinal0 [0x0069710A+749834]
	Ordinal0 [0x0069675A+747354]
	Ordinal0 [0x00695D3F+744767]
	Ordinal0 [0x00694C28+740392]
	Ordinal0 [0x006950FD+741629]
	Ordinal0 [0x006A5544+808260]
	Ordinal0 [0x006FD2DD+1168093]
	Ordinal0 [0x006EC7DC+1099740]
	Ordinal0 [0x006FCC22+1166370]
	Ordinal0 [0x006EC5F6+1099254]
	Ordinal0 [0x006C6BE0+945120]
	Ordinal0 [0x006C7AD6+948950]
	GetHandleVerifier [0x00A971F2+2712546]
	GetHandleVerifier [0x00A8886D+2652765]
	GetHandleVerifier [0x0088002A+520730]
	GetHandleVerifier [0x0087EE06+516086]
	Ordinal0 [0x0079468B+1787531]
	Ordinal0 [0x00798E88+1805960]
	Ordinal0 [0x00798F75+1806197]
	Ordinal0 [0x007A1DF1+1842673]
	BaseThreadInitThunk [0x76E7FA29+25]
	RtlGetAppContainerNamedObjectPath [0x77687A9E+286]
	RtlGetAppContainerNamedObjectPath [0x77687A6E+238]
</msg>
<status status="FAIL" starttime="20220706 16:40:12.048" endtime="20220706 16:40:39.976"/>
</kw>
<status status="FAIL" starttime="20220706 16:40:12.048" endtime="20220706 16:40:39.976"/>
</kw>
<test id="s1-t1" name="testcase01">
<doc>Search results displayed should be relevant to search keyword</doc>
<status status="FAIL" starttime="20220706 16:40:39.977" endtime="20220706 16:40:39.977">Parent suite setup failed:
WebDriverException: Message: unknown error: net::ERR_NAME_NOT_RESOLVED
  (Session info: chrome=103.0.5060.114)
Stacktrace:
Backtrace:
	Ordinal0 [0x007F6463+2188387]
	Ordinal0 [0x0078E461+1762401]
	Ordinal0 [0x006A3D78+802168]
	Ordinal0 [0x006A04E8+787688]
	Ordinal0 [0x0069654D+746829]
	Ordinal0 [0x0069710A+749834]
	Ordinal0 [0x0069675A+747354]
	Ordinal0 [0x00695D3F+744767]
	Ordinal0 [0x00694C28+740392]
	Ordinal0 [0x006950FD+741629]
	Ordinal0 [0x006A5544+808260]
	Ordinal0 [0x006FD2DD+1168093]
	Ordinal0 [0x006EC7DC+1099740]
	Ordinal0 [0x006FCC22+1166370]
	Ordinal0 [0x006EC5F6+1099254]
	Ordinal0 [0x006C6BE0+945120]
	Ordinal0 [0x006C7AD6+948950]
	GetHandleVerifier [0x00A971F2+2712546]
	GetHandleVerifier [0x00A8886D+2652765]
	GetHandleVerifier [0x0088002A+520730]
	GetHandleVerifier [0x0087EE06+516086]
	Ordinal0 [0x0079468B+1787531]
	Ordinal0 [0x00798E88+1805960]
	Ordinal0 [0x00798F75+1806197]
	Ordinal0 [0x007A1DF1+1842673]
	BaseThreadInitThunk [0x76E7FA29+25]
	RtlGetAppContainerNamedObjectPath [0x77687A9E+286]
	RtlGetAppContainerNamedObjectPath [0x77687A6E+238]
</status>
</test>
<kw name="Close All Browsers" library="SeleniumLibrary" type="TEARDOWN">
<doc>Closes all open browsers and resets the browser cache.</doc>
<status status="PASS" starttime="20220706 16:40:39.985" endtime="20220706 16:40:42.686"/>
</kw>
<status status="FAIL" starttime="20220706 16:40:11.286" endtime="20220706 16:40:42.686">Suite setup failed:
WebDriverException: Message: unknown error: net::ERR_NAME_NOT_RESOLVED
  (Session info: chrome=103.0.5060.114)
Stacktrace:
Backtrace:
	Ordinal0 [0x007F6463+2188387]
	Ordinal0 [0x0078E461+1762401]
	Ordinal0 [0x006A3D78+802168]
	Ordinal0 [0x006A04E8+787688]
	Ordinal0 [0x0069654D+746829]
	Ordinal0 [0x0069710A+749834]
	Ordinal0 [0x0069675A+747354]
	Ordinal0 [0x00695D3F+744767]
	Ordinal0 [0x00694C28+740392]
	Ordinal0 [0x006950FD+741629]
	Ordinal0 [0x006A5544+808260]
	Ordinal0 [0x006FD2DD+1168093]
	Ordinal0 [0x006EC7DC+1099740]
	Ordinal0 [0x006FCC22+1166370]
	Ordinal0 [0x006EC5F6+1099254]
	Ordinal0 [0x006C6BE0+945120]
	Ordinal0 [0x006C7AD6+948950]
	GetHandleVerifier [0x00A971F2+2712546]
	GetHandleVerifier [0x00A8886D+2652765]
	GetHandleVerifier [0x0088002A+520730]
	GetHandleVerifier [0x0087EE06+516086]
	Ordinal0 [0x0079468B+1787531]
	Ordinal0 [0x00798E88+1805960]
	Ordinal0 [0x00798F75+1806197]
	Ordinal0 [0x007A1DF1+1842673]
	BaseThreadInitThunk [0x76E7FA29+25]
	RtlGetAppContainerNamedObjectPath [0x77687A9E+286]
	RtlGetAppContainerNamedObjectPath [0x77687A6E+238]
</status>
</suite>
<statistics>
<total>
<stat pass="0" fail="1" skip="0">All Tests</stat>
</total>
<tag>
</tag>
<suite>
<stat pass="0" fail="1" skip="0" id="s1" name="Searchfun">Searchfun</stat>
</suite>
</statistics>
<errors>
</errors>
</robot>
